
   INFO  Server running on [http://127.0.0.1:8000].  

  Press Ctrl+C to stop the server

  2026-07-01 14:48:08 /login ................................................................................... ~ 2s
  2026-07-01 14:48:10 /login ............................................................................... ~ 2.01ms
  2026-07-01 14:48:23 /login ............................................................................... ~ 2.67ms
  2026-07-01 14:49:15 /login ............................................................................. ~ 513.55ms
  2026-07-01 14:49:15 ...................................................................................... ~ 2.10ms
  2026-07-01 14:49:15 /build/assets/app-DzdSWJz3.css ....................................................... ~ 0.27ms
  2026-07-01 14:49:15 /build/assets/app-Ce4fl1QB.js ....................................................... ~ 19.15ms
  2026-07-01 14:49:15 /images/express-peek-logo.png ....................................................... ~ 39.38ms
  2026-07-01 14:49:15 /favicon.svg?v=2 ..................................................................... ~ 0.24ms
  2026-07-01 14:49:15 /favicon.svg?v=2 ..................................................................... ~ 0.26ms
  2026-07-01 14:49:56 /login ................................................................................... ~ 1s
  2026-07-01 14:49:56 /agent/dashboard ......................................................................... ~ 2s
  2026-07-01 14:49:58 /build/assets/app-Ce4fl1QB.js ........................................................ ~ 0.27ms
  2026-07-01 14:49:58 /build/assets/app-DzdSWJz3.css ...................................................... ~ 17.29ms
  2026-07-01 14:49:58 /images/express-peek-logo.png ....................................................... ~ 31.28ms
  2026-07-01 14:49:58 /images/express-peek-logo-cropped.png ............................................... ~ 47.92ms
  VirtualAlloc() failed: [0x000005af] The paging file is too small for this operation to complete
  VirtualAlloc() failed: [0x000005af] The paging file is too small for this operation to complete
  PHP Fatal error:  Out of memory (allocated 10485760 bytes) (tried to allocate 237568 bytes) in C:\Users\Admin\Downloads\expresspeek_app\expresspeek_app\vendor\composer\ClassLoader.php on line 576
  2026-07-01 14:51:22 /login ............................................................................... ~ 3.05ms
  2026-07-01 14:51:22 ..................................................................................... ~ 45.26ms
